<?xml version="1.0" encoding="UTF-8"?>
<testng-results ignored="0" total="6" passed="4" failed="2" skipped="0">
  <reporter-output>
  </reporter-output>
  <suite started-at="2023-04-29T18:22:43 BST" name="Default suite" finished-at="2023-04-29T18:22:43 BST" duration-ms="135">
    <groups>
    </groups>
    <test started-at="2023-04-29T18:22:43 BST" name="Default test" finished-at="2023-04-29T18:22:43 BST" duration-ms="135">
      <class name="com.xyz.projectname.modulename.functionalityname.TestNG_Annotations">
        <test-method is-config="true" signature="beforeClass()[pri:0, instance:com.xyz.projectname.modulename.functionalityname.TestNG_Annotations@69997e9d]" started-at="2023-04-29T18:22:43 BST" name="beforeClass" finished-at="2023-04-29T18:22:43 BST" duration-ms="12" status="PASS">
          <reporter-output>
          </reporter-output>
        </test-method> <!-- beforeClass -->
        <test-method is-config="true" signature="beforeTest()[pri:0, instance:com.xyz.projectname.modulename.functionalityname.TestNG_Annotations@69997e9d]" started-at="2023-04-29T18:22:43 BST" name="beforeTest" finished-at="2023-04-29T18:22:43 BST" duration-ms="1" status="PASS">
          <reporter-output>
          </reporter-output>
        </test-method> <!-- beforeTest -->
        <test-method signature="testCase4()[pri:-2, instance:com.xyz.projectname.modulename.functionalityname.TestNG_Annotations@69997e9d]" started-at="2023-04-29T18:22:43 BST" name="testCase4" finished-at="2023-04-29T18:22:43 BST" duration-ms="11" status="PASS">
          <reporter-output>
          </reporter-output>
        </test-method> <!-- testCase4 -->
        <test-method is-config="true" signature="afterTest()[pri:0, instance:com.xyz.projectname.modulename.functionalityname.TestNG_Annotations@69997e9d]" started-at="2023-04-29T18:22:43 BST" name="afterTest" finished-at="2023-04-29T18:22:43 BST" duration-ms="0" status="PASS">
          <reporter-output>
          </reporter-output>
        </test-method> <!-- afterTest -->
        <test-method is-config="true" signature="beforeTest()[pri:0, instance:com.xyz.projectname.modulename.functionalityname.TestNG_Annotations@69997e9d]" started-at="2023-04-29T18:22:43 BST" name="beforeTest" finished-at="2023-04-29T18:22:43 BST" duration-ms="1" status="PASS">
          <reporter-output>
          </reporter-output>
        </test-method> <!-- beforeTest -->
        <test-method signature="testCase6()[pri:-1, instance:com.xyz.projectname.modulename.functionalityname.TestNG_Annotations@69997e9d]" started-at="2023-04-29T18:22:43 BST" name="testCase6" finished-at="2023-04-29T18:22:43 BST" duration-ms="2" status="PASS">
          <reporter-output>
          </reporter-output>
        </test-method> <!-- testCase6 -->
        <test-method is-config="true" signature="afterTest()[pri:0, instance:com.xyz.projectname.modulename.functionalityname.TestNG_Annotations@69997e9d]" started-at="2023-04-29T18:22:43 BST" name="afterTest" finished-at="2023-04-29T18:22:43 BST" duration-ms="1" status="PASS">
          <reporter-output>
          </reporter-output>
        </test-method> <!-- afterTest -->
        <test-method is-config="true" signature="beforeTest()[pri:0, instance:com.xyz.projectname.modulename.functionalityname.TestNG_Annotations@69997e9d]" started-at="2023-04-29T18:22:43 BST" name="beforeTest" finished-at="2023-04-29T18:22:43 BST" duration-ms="0" status="PASS">
          <reporter-output>
          </reporter-output>
        </test-method> <!-- beforeTest -->
        <test-method signature="testCase5()[pri:0, instance:com.xyz.projectname.modulename.functionalityname.TestNG_Annotations@69997e9d]" started-at="2023-04-29T18:22:43 BST" name="testCase5" finished-at="2023-04-29T18:22:43 BST" duration-ms="6" status="FAIL">
          <exception class="java.lang.AssertionError">
            <message>
              <![CDATA[The numbers are not equals expected [6] but found [5]]]>
            </message>
            <full-stacktrace>
              <![CDATA[java.lang.AssertionError: The numbers are not equals expected [6] but found [5]
at org.testng.Assert.fail(Assert.java:99)
at org.testng.Assert.failNotEquals(Assert.java:1037)
at org.testng.Assert.assertEqualsImpl(Assert.java:140)
at org.testng.Assert.assertEquals(Assert.java:122)
at org.testng.Assert.assertEquals(Assert.java:907)
at com.xyz.projectname.modulename.functionalityname.TestNG_Annotations.testCase5(TestNG_Annotations.java:73)
at java.base/jdk.internal.reflect.NativeMethodAccessorImpl.invoke0(Native Method)
at java.base/jdk.internal.reflect.NativeMethodAccessorImpl.invoke(NativeMethodAccessorImpl.java:78)
at java.base/jdk.internal.reflect.DelegatingMethodAccessorImpl.invoke(DelegatingMethodAccessorImpl.java:43)
at java.base/java.lang.reflect.Method.invoke(Method.java:567)
at org.testng.internal.MethodInvocationHelper.invokeMethod(MethodInvocationHelper.java:133)
at org.testng.internal.TestInvoker.invokeMethod(TestInvoker.java:598)
at org.testng.internal.TestInvoker.invokeTestMethod(TestInvoker.java:173)
at org.testng.internal.MethodRunner.runInSequence(MethodRunner.java:46)
at org.testng.internal.TestInvoker$MethodInvocationAgent.invoke(TestInvoker.java:824)
at org.testng.internal.TestInvoker.invokeTestMethods(TestInvoker.java:146)
at org.testng.internal.TestMethodWorker.invokeTestMethods(TestMethodWorker.java:146)
at org.testng.internal.TestMethodWorker.run(TestMethodWorker.java:128)
at java.base/java.util.ArrayList.forEach(ArrayList.java:1511)
at org.testng.TestRunner.privateRun(TestRunner.java:794)
at org.testng.TestRunner.run(TestRunner.java:596)
at org.testng.SuiteRunner.runTest(SuiteRunner.java:377)
at org.testng.SuiteRunner.runSequentially(SuiteRunner.java:371)
at org.testng.SuiteRunner.privateRun(SuiteRunner.java:332)
at org.testng.SuiteRunner.run(SuiteRunner.java:276)
at org.testng.SuiteRunnerWorker.runSuite(SuiteRunnerWorker.java:53)
at org.testng.SuiteRunnerWorker.run(SuiteRunnerWorker.java:96)
at org.testng.TestNG.runSuitesSequentially(TestNG.java:1212)
at org.testng.TestNG.runSuitesLocally(TestNG.java:1134)
at org.testng.TestNG.runSuites(TestNG.java:1063)
at org.testng.TestNG.run(TestNG.java:1031)
at org.testng.remote.AbstractRemoteTestNG.run(AbstractRemoteTestNG.java:115)
at org.testng.remote.RemoteTestNG.initAndRun(RemoteTestNG.java:251)
at org.testng.remote.RemoteTestNG.main(RemoteTestNG.java:77)
]]>
            </full-stacktrace>
          </exception> <!-- java.lang.AssertionError -->
          <reporter-output>
          </reporter-output>
        </test-method> <!-- testCase5 -->
        <test-method is-config="true" signature="afterTest()[pri:0, instance:com.xyz.projectname.modulename.functionalityname.TestNG_Annotations@69997e9d]" started-at="2023-04-29T18:22:43 BST" name="afterTest" finished-at="2023-04-29T18:22:43 BST" duration-ms="0" status="PASS">
          <reporter-output>
          </reporter-output>
        </test-method> <!-- afterTest -->
        <test-method is-config="true" signature="beforeTest()[pri:0, instance:com.xyz.projectname.modulename.functionalityname.TestNG_Annotations@69997e9d]" started-at="2023-04-29T18:22:43 BST" name="beforeTest" finished-at="2023-04-29T18:22:43 BST" duration-ms="1" status="PASS">
          <reporter-output>
          </reporter-output>
        </test-method> <!-- beforeTest -->
        <test-method signature="testCase1()[pri:2, instance:com.xyz.projectname.modulename.functionalityname.TestNG_Annotations@69997e9d]" started-at="2023-04-29T18:22:43 BST" name="testCase1" finished-at="2023-04-29T18:22:43 BST" duration-ms="1" status="PASS">
          <reporter-output>
          </reporter-output>
        </test-method> <!-- testCase1 -->
        <test-method is-config="true" signature="afterTest()[pri:0, instance:com.xyz.projectname.modulename.functionalityname.TestNG_Annotations@69997e9d]" started-at="2023-04-29T18:22:43 BST" name="afterTest" finished-at="2023-04-29T18:22:43 BST" duration-ms="0" status="PASS">
          <reporter-output>
          </reporter-output>
        </test-method> <!-- afterTest -->
        <test-method is-config="true" signature="beforeTest()[pri:0, instance:com.xyz.projectname.modulename.functionalityname.TestNG_Annotations@69997e9d]" started-at="2023-04-29T18:22:43 BST" name="beforeTest" finished-at="2023-04-29T18:22:43 BST" duration-ms="0" status="PASS">
          <reporter-output>
          </reporter-output>
        </test-method> <!-- beforeTest -->
        <test-method signature="testCase3()[pri:2, instance:com.xyz.projectname.modulename.functionalityname.TestNG_Annotations@69997e9d]" started-at="2023-04-29T18:22:43 BST" name="testCase3" finished-at="2023-04-29T18:22:43 BST" duration-ms="4" status="FAIL">
          <exception class="java.lang.AssertionError">
            <message>
              <![CDATA[Text is not matching expected [BYMATAutomation] but found [BYMAT Automation]]]>
            </message>
            <full-stacktrace>
              <![CDATA[java.lang.AssertionError: Text is not matching expected [BYMATAutomation] but found [BYMAT Automation]
at org.testng.Assert.fail(Assert.java:99)
at org.testng.Assert.failNotEquals(Assert.java:1037)
at org.testng.Assert.assertEqualsImpl(Assert.java:140)
at org.testng.Assert.assertEquals(Assert.java:122)
at org.testng.Assert.assertEquals(Assert.java:629)
at com.xyz.projectname.modulename.functionalityname.TestNG_Annotations.testCase3(TestNG_Annotations.java:42)
at java.base/jdk.internal.reflect.NativeMethodAccessorImpl.invoke0(Native Method)
at java.base/jdk.internal.reflect.NativeMethodAccessorImpl.invoke(NativeMethodAccessorImpl.java:78)
at java.base/jdk.internal.reflect.DelegatingMethodAccessorImpl.invoke(DelegatingMethodAccessorImpl.java:43)
at java.base/java.lang.reflect.Method.invoke(Method.java:567)
at org.testng.internal.MethodInvocationHelper.invokeMethod(MethodInvocationHelper.java:133)
at org.testng.internal.TestInvoker.invokeMethod(TestInvoker.java:598)
at org.testng.internal.TestInvoker.invokeTestMethod(TestInvoker.java:173)
at org.testng.internal.MethodRunner.runInSequence(MethodRunner.java:46)
at org.testng.internal.TestInvoker$MethodInvocationAgent.invoke(TestInvoker.java:824)
at org.testng.internal.TestInvoker.invokeTestMethods(TestInvoker.java:146)
at org.testng.internal.TestMethodWorker.invokeTestMethods(TestMethodWorker.java:146)
at org.testng.internal.TestMethodWorker.run(TestMethodWorker.java:128)
at java.base/java.util.ArrayList.forEach(ArrayList.java:1511)
at org.testng.TestRunner.privateRun(TestRunner.java:794)
at org.testng.TestRunner.run(TestRunner.java:596)
at org.testng.SuiteRunner.runTest(SuiteRunner.java:377)
at org.testng.SuiteRunner.runSequentially(SuiteRunner.java:371)
at org.testng.SuiteRunner.privateRun(SuiteRunner.java:332)
at org.testng.SuiteRunner.run(SuiteRunner.java:276)
at org.testng.SuiteRunnerWorker.runSuite(SuiteRunnerWorker.java:53)
at org.testng.SuiteRunnerWorker.run(SuiteRunnerWorker.java:96)
at org.testng.TestNG.runSuitesSequentially(TestNG.java:1212)
at org.testng.TestNG.runSuitesLocally(TestNG.java:1134)
at org.testng.TestNG.runSuites(TestNG.java:1063)
at org.testng.TestNG.run(TestNG.java:1031)
at org.testng.remote.AbstractRemoteTestNG.run(AbstractRemoteTestNG.java:115)
at org.testng.remote.RemoteTestNG.initAndRun(RemoteTestNG.java:251)
at org.testng.remote.RemoteTestNG.main(RemoteTestNG.java:77)
]]>
            </full-stacktrace>
          </exception> <!-- java.lang.AssertionError -->
          <reporter-output>
          </reporter-output>
        </test-method> <!-- testCase3 -->
        <test-method is-config="true" signature="afterTest()[pri:0, instance:com.xyz.projectname.modulename.functionalityname.TestNG_Annotations@69997e9d]" started-at="2023-04-29T18:22:43 BST" name="afterTest" finished-at="2023-04-29T18:22:43 BST" duration-ms="1" status="PASS">
          <reporter-output>
          </reporter-output>
        </test-method> <!-- afterTest -->
        <test-method is-config="true" signature="beforeTest()[pri:0, instance:com.xyz.projectname.modulename.functionalityname.TestNG_Annotations@69997e9d]" started-at="2023-04-29T18:22:43 BST" name="beforeTest" finished-at="2023-04-29T18:22:43 BST" duration-ms="2" status="PASS">
          <reporter-output>
          </reporter-output>
        </test-method> <!-- beforeTest -->
        <test-method signature="testCase2()[pri:3, instance:com.xyz.projectname.modulename.functionalityname.TestNG_Annotations@69997e9d]" started-at="2023-04-29T18:22:43 BST" name="testCase2" finished-at="2023-04-29T18:22:43 BST" duration-ms="2" status="PASS">
          <reporter-output>
          </reporter-output>
        </test-method> <!-- testCase2 -->
        <test-method is-config="true" signature="afterTest()[pri:0, instance:com.xyz.projectname.modulename.functionalityname.TestNG_Annotations@69997e9d]" started-at="2023-04-29T18:22:43 BST" name="afterTest" finished-at="2023-04-29T18:22:43 BST" duration-ms="0" status="PASS">
          <reporter-output>
          </reporter-output>
        </test-method> <!-- afterTest -->
      </class> <!-- com.xyz.projectname.modulename.functionalityname.TestNG_Annotations -->
    </test> <!-- Default test -->
  </suite> <!-- Default suite -->
</testng-results>
